# JRE version: OpenJDK Runtime Environment Temurin-21.0.8+9 (21.0.8+9) (build 21.0.8+9-LTS)
# Java VM: OpenJDK 64-Bit Server VM Temurin-21.0.8+9 (21.0.8+9-LTS, mixed mode, sharing, tiered, compressed oops, compressed class ptrs, parallel gc, windows-amd64)
GC Precious Log:
 CardTable entry size: 512
 CPUs: 4 total, 4 available
 Memory: 3834M
 Large Page Support: Disabled
 NUMA Support: Disabled
 Compressed Oops: Enabled (32-bit)
 Alignments: Space 512K, Generation 512K, Heap 2M
 Heap Min Capacity: 100M
 Heap Initial Capacity: 100M
 Heap Max Capacity: 2G
 Pre-touch: Disabled
 Parallel Workers: 4
Heap:
 PSYoungGen      total 4608K, used 2847K [0x00000000d5580000, 0x00000000d5d00000, 0x0000000100000000)
  eden space 3072K, 53% used [0x00000000d5580000,0x00000000d5717da8,0x00000000d5880000)
  from space 1536K, 79% used [0x00000000d5880000,0x00000000d59b0010,0x00000000d5a00000)
  to   space 2048K, 0% used [0x00000000d5b00000,0x00000000d5b00000,0x00000000d5d00000)
 ParOldGen       total 1363968K, used 995756K [0x0000000080000000, 0x00000000d3400000, 0x00000000d5580000)
  object space 1363968K, 73% used [0x0000000080000000,0x00000000bcc6b118,0x00000000d3400000)
 Metaspace       used 91567K, committed 93184K, reserved 1179648K
  class space    used 8903K, committed 9664K, reserved 1048576K
GC Heap History (20 events):
Event: 7067.090 GC heap before
{Heap before GC invocations=4570 (full 6):
 PSYoungGen      total 4096K, used 3600K [0x00000000d5580000, 0x00000000d5e80000, 0x0000000100000000)
  eden space 3584K, 96% used [0x00000000d5580000,0x00000000d58e4198,0x00000000d5900000)
  from space 512K, 25% used [0x00000000d5d80000,0x00000000d5da0000,0x00000000d5e00000)
  to   space 512K, 0% used [0x00000000d5e00000,0x00000000d5e00000,0x00000000d5e80000)
 ParOldGen       total 1363968K, used 976971K [0x0000000080000000, 0x00000000d3400000, 0x00000000d5580000)
  object space 1363968K, 71% used [0x0000000080000000,0x00000000bba12eb8,0x00000000d3400000)
 Metaspace       used 91560K, committed 93184K, reserved 1179648K
  class space    used 8903K, committed 9664K, reserved 1048576K
}
Event: 7067.093 GC heap after
{Heap after GC invocations=4570 (full 6):
 PSYoungGen      total 4096K, used 372K [0x00000000d5580000, 0x00000000d5e80000, 0x0000000100000000)
  eden space 3584K, 0% used [0x00000000d5580000,0x00000000d5580000,0x00000000d5900000)
  from space 512K, 72% used [0x00000000d5e00000,0x00000000d5e5d1e0,0x00000000d5e80000)
  to   space 512K, 0% used [0x00000000d5d80000,0x00000000d5d80000,0x00000000d5e00000)
 ParOldGen       total 1363968K, used 977003K [0x0000000080000000, 0x00000000d3400000, 0x00000000d5580000)
  object space 1363968K, 71% used [0x0000000080000000,0x00000000bba1aeb8,0x00000000d3400000)
 Metaspace       used 91560K, committed 93184K, reserved 1179648K
  class space    used 8903K, committed 9664K, reserved 1048576K
}
Event: 7067.101 GC heap before
{Heap before GC invocations=4571 (full 6):
 PSYoungGen      total 4096K, used 3956K [0x00000000d5580000, 0x00000000d5e80000, 0x0000000100000000)
  eden space 3584K, 100% used [0x00000000d5580000,0x00000000d5900000,0x00000000d5900000)
  from space 512K, 72% used [0x00000000d5e00000,0x00000000d5e5d1e0,0x00000000d5e80000)
  to   space 512K, 0% used [0x00000000d5d80000,0x00000000d5d80000,0x00000000d5e00000)
 ParOldGen       total 1363968K, used 977003K [0x0000000080000000, 0x00000000d3400000, 0x00000000d5580000)
  object space 1363968K, 71% used [0x0000000080000000,0x00000000bba1aeb8,0x00000000d3400000)
 Metaspace       used 91560K, committed 93184K, reserved 1179648K
  class space    used 8903K, committed 9664K, reserved 1048576K
}
Event: 7067.117 GC heap after
{Heap after GC invocations=4571 (full 6):
 PSYoungGen      total 5120K, used 500K [0x00000000d5580000, 0x00000000d6300000, 0x0000000100000000)
  eden space 4608K, 0% used [0x00000000d5580000,0x00000000d5580000,0x00000000d5a00000)
  from space 512K, 97% used [0x00000000d5d80000,0x00000000d5dfd1e0,0x00000000d5e00000)
  to   space 4608K, 0% used [0x00000000d5e80000,0x00000000d5e80000,0x00000000d6300000)
 ParOldGen       total 1363968K, used 980312K [0x0000000080000000, 0x00000000d3400000, 0x00000000d5580000)
  object space 1363968K, 71% used [0x0000000080000000,0x00000000bbd560a8,0x00000000d3400000)
 Metaspace       used 91560K, committed 93184K, reserved 1179648K
  class space    used 8903K, committed 9664K, reserved 1048576K
}
Event: 7067.142 GC heap before
{Heap before GC invocations=4572 (full 6):
 PSYoungGen      total 5120K, used 5108K [0x00000000d5580000, 0x00000000d6300000, 0x0000000100000000)
  eden space 4608K, 100% used [0x00000000d5580000,0x00000000d5a00000,0x00000000d5a00000)
  from space 512K, 97% used [0x00000000d5d80000,0x00000000d5dfd1e0,0x00000000d5e00000)
  to   space 4608K, 0% used [0x00000000d5e80000,0x00000000d5e80000,0x00000000d6300000)
 ParOldGen       total 1363968K, used 980312K [0x0000000080000000, 0x00000000d3400000, 0x00000000d5580000)
  object space 1363968K, 71% used [0x0000000080000000,0x00000000bbd560a8,0x00000000d3400000)
 Metaspace       used 91560K, committed 93184K, reserved 1179648K
  class space    used 8903K, committed 9664K, reserved 1048576K
}
Event: 7067.150 GC heap after
{Heap after GC invocations=4572 (full 6):
 PSYoungGen      total 9216K, used 3939K [0x00000000d5580000, 0x00000000d6400000, 0x0000000100000000)
  eden space 4608K, 0% used [0x00000000d5580000,0x00000000d5580000,0x00000000d5a00000)
  from space 4608K, 85% used [0x00000000d5e80000,0x00000000d6258d60,0x00000000d6300000)
  to   space 4608K, 0% used [0x00000000d5a00000,0x00000000d5a00000,0x00000000d5e80000)
 ParOldGen       total 1363968K, used 980836K [0x0000000080000000, 0x00000000d3400000, 0x00000000d5580000)
  object space 1363968K, 71% used [0x0000000080000000,0x00000000bbdd9288,0x00000000d3400000)
 Metaspace       used 91560K, committed 93184K, reserved 1179648K
  class space    used 8903K, committed 9664K, reserved 1048576K
}
Event: 7067.185 GC heap before
{Heap before GC invocations=4573 (full 6):
 PSYoungGen      total 9216K, used 8547K [0x00000000d5580000, 0x00000000d6400000, 0x0000000100000000)
  eden space 4608K, 100% used [0x00000000d5580000,0x00000000d5a00000,0x00000000d5a00000)
  from space 4608K, 85% used [0x00000000d5e80000,0x00000000d6258d60,0x00000000d6300000)
  to   space 4608K, 0% used [0x00000000d5a00000,0x00000000d5a00000,0x00000000d5e80000)
 ParOldGen       total 1363968K, used 980836K [0x0000000080000000, 0x00000000d3400000, 0x00000000d5580000)
  object space 1363968K, 71% used [0x0000000080000000,0x00000000bbdd9288,0x00000000d3400000)
 Metaspace       used 91560K, committed 93184K, reserved 1179648K
  class space    used 8903K, committed 9664K, reserved 1048576K
}
Event: 7067.207 GC heap after
{Heap after GC invocations=4573 (full 6):
 PSYoungGen      total 9216K, used 3344K [0x00000000d5580000, 0x00000000d6200000, 0x0000000100000000)
  eden space 4608K, 0% used [0x00000000d5580000,0x00000000d5580000,0x00000000d5a00000)
  from space 4608K, 72% used [0x00000000d5a00000,0x00000000d5d44000,0x00000000d5e80000)
  to   space 3584K, 0% used [0x00000000d5e80000,0x00000000d5e80000,0x00000000d6200000)
 ParOldGen       total 1363968K, used 984775K [0x0000000080000000, 0x00000000d3400000, 0x00000000d5580000)
  object space 1363968K, 72% used [0x0000000080000000,0x00000000bc1b1fe8,0x00000000d3400000)
 Metaspace       used 91560K, committed 93184K, reserved 1179648K
  class space    used 8903K, committed 9664K, reserved 1048576K
}
Event: 7067.777 GC heap before
{Heap before GC invocations=4574 (full 6):
 PSYoungGen      total 9216K, used 7951K [0x00000000d5580000, 0x00000000d6200000, 0x0000000100000000)
  eden space 4608K, 99% used [0x00000000d5580000,0x00000000d59ffff0,0x00000000d5a00000)
  from space 4608K, 72% used [0x00000000d5a00000,0x00000000d5d44000,0x00000000d5e80000)
  to   space 3584K, 0% used [0x00000000d5e80000,0x00000000d5e80000,0x00000000d6200000)
 ParOldGen       total 1363968K, used 984775K [0x0000000080000000, 0x00000000d3400000, 0x00000000d5580000)
  object space 1363968K, 72% used [0x0000000080000000,0x00000000bc1b1fe8,0x00000000d3400000)
 Metaspace       used 91560K, committed 93184K, reserved 1179648K
  class space    used 8903K, committed 9664K, reserved 1048576K
}
Event: 7067.801 GC heap after
{Heap after GC invocations=4574 (full 6):
 PSYoungGen      total 6144K, used 192K [0x00000000d5580000, 0x00000000d5f00000, 0x0000000100000000)
  eden space 5632K, 0% used [0x00000000d5580000,0x00000000d5580000,0x00000000d5b00000)
  from space 512K, 37% used [0x00000000d5e80000,0x00000000d5eb0000,0x00000000d5f00000)
  to   space 1536K, 0% used [0x00000000d5c00000,0x00000000d5c00000,0x00000000d5d80000)
 ParOldGen       total 1363968K, used 987759K [0x0000000080000000, 0x00000000d3400000, 0x00000000d5580000)
  object space 1363968K, 72% used [0x0000000080000000,0x00000000bc49bfe8,0x00000000d3400000)
 Metaspace       used 91560K, committed 93184K, reserved 1179648K
  class space    used 8903K, committed 9664K, reserved 1048576K
}
Event: 7085.824 GC heap before
{Heap before GC invocations=4575 (full 6):
 PSYoungGen      total 6144K, used 5823K [0x00000000d5580000, 0x00000000d5f00000, 0x0000000100000000)
  eden space 5632K, 99% used [0x00000000d5580000,0x00000000d5afffe8,0x00000000d5b00000)
  from space 512K, 37% used [0x00000000d5e80000,0x00000000d5eb0000,0x00000000d5f00000)
  to   space 1536K, 0% used [0x00000000d5c00000,0x00000000d5c00000,0x00000000d5d80000)
 ParOldGen       total 1363968K, used 987759K [0x0000000080000000, 0x00000000d3400000, 0x00000000d5580000)
  object space 1363968K, 72% used [0x0000000080000000,0x00000000bc49bfe8,0x00000000d3400000)
 Metaspace       used 91560K, committed 93184K, reserved 1179648K
  class space    used 8903K, committed 9664K, reserved 1048576K
}
Event: 7085.883 GC heap after
{Heap after GC invocations=4575 (full 6):
 PSYoungGen      total 7168K, used 128K [0x00000000d5580000, 0x00000000d5f00000, 0x0000000100000000)
  eden space 5632K, 0% used [0x00000000d5580000,0x00000000d5580000,0x00000000d5b00000)
  from space 1536K, 8% used [0x00000000d5c00000,0x00000000d5c20000,0x00000000d5d80000)
  to   space 512K, 0% used [0x00000000d5e80000,0x00000000d5e80000,0x00000000d5f00000)
 ParOldGen       total 1363968K, used 987783K [0x0000000080000000, 0x00000000d3400000, 0x00000000d5580000)
  object space 1363968K, 72% used [0x0000000080000000,0x00000000bc4a1fe8,0x00000000d3400000)
 Metaspace       used 91560K, committed 93184K, reserved 1179648K
  class space    used 8903K, committed 9664K, reserved 1048576K
}
Event: 7086.026 GC heap before
{Heap before GC invocations=4576 (full 6):
 PSYoungGen      total 7168K, used 5760K [0x00000000d5580000, 0x00000000d5f00000, 0x0000000100000000)
  eden space 5632K, 100% used [0x00000000d5580000,0x00000000d5b00000,0x00000000d5b00000)
  from space 1536K, 8% used [0x00000000d5c00000,0x00000000d5c20000,0x00000000d5d80000)
  to   space 512K, 0% used [0x00000000d5e80000,0x00000000d5e80000,0x00000000d5f00000)
 ParOldGen       total 1363968K, used 987783K [0x0000000080000000, 0x00000000d3400000, 0x00000000d5580000)
  object space 1363968K, 72% used [0x0000000080000000,0x00000000bc4a1fe8,0x00000000d3400000)
 Metaspace       used 91560K, committed 93184K, reserved 1179648K
  class space    used 8903K, committed 9664K, reserved 1048576K
}
Event: 7086.058 GC heap after
{Heap after GC invocations=4576 (full 6):
 PSYoungGen      total 3072K, used 500K [0x00000000d5580000, 0x00000000d6800000, 0x0000000100000000)
  eden space 2560K, 0% used [0x00000000d5580000,0x00000000d5580000,0x00000000d5800000)
  from space 512K, 97% used [0x00000000d5e80000,0x00000000d5efd1e0,0x00000000d5f00000)
  to   space 6656K, 0% used [0x00000000d5800000,0x00000000d5800000,0x00000000d5e80000)
 ParOldGen       total 1363968K, used 992784K [0x0000000080000000, 0x00000000d3400000, 0x00000000d5580000)
  object space 1363968K, 72% used [0x0000000080000000,0x00000000bc9843a8,0x00000000d3400000)
 Metaspace       used 91560K, committed 93184K, reserved 1179648K
  class space    used 8903K, committed 9664K, reserved 1048576K
}
Event: 7086.084 GC heap before
{Heap before GC invocations=4577 (full 6):
 PSYoungGen      total 3072K, used 3060K [0x00000000d5580000, 0x00000000d6800000, 0x0000000100000000)
  eden space 2560K, 100% used [0x00000000d5580000,0x00000000d5800000,0x00000000d5800000)
  from space 512K, 97% used [0x00000000d5e80000,0x00000000d5efd1e0,0x00000000d5f00000)
  to   space 6656K, 0% used [0x00000000d5800000,0x00000000d5800000,0x00000000d5e80000)
 ParOldGen       total 1363968K, used 992784K [0x0000000080000000, 0x00000000d3400000, 0x00000000d5580000)
  object space 1363968K, 72% used [0x0000000080000000,0x00000000bc9843a8,0x00000000d3400000)
 Metaspace       used 91560K, committed 93184K, reserved 1179648K
  class space    used 8903K, committed 9664K, reserved 1048576K
}
Event: 7086.088 GC heap after
{Heap after GC invocations=4577 (full 6):
 PSYoungGen      total 3072K, used 419K [0x00000000d5580000, 0x00000000d5f00000, 0x0000000100000000)
  eden space 2560K, 0% used [0x00000000d5580000,0x00000000d5580000,0x00000000d5800000)
  from space 512K, 81% used [0x00000000d5800000,0x00000000d5868d60,0x00000000d5880000)
  to   space 2560K, 0% used [0x00000000d5c80000,0x00000000d5c80000,0x00000000d5f00000)
 ParOldGen       total 1363968K, used 992824K [0x0000000080000000, 0x00000000d3400000, 0x00000000d5580000)
  object space 1363968K, 72% used [0x0000000080000000,0x00000000bc98e3b8,0x00000000d3400000)
 Metaspace       used 91560K, committed 93184K, reserved 1179648K
  class space    used 8903K, committed 9664K, reserved 1048576K
}
Event: 7086.093 GC heap before
{Heap before GC invocations=4578 (full 6):
 PSYoungGen      total 3072K, used 2979K [0x00000000d5580000, 0x00000000d5f00000, 0x0000000100000000)
  eden space 2560K, 99% used [0x00000000d5580000,0x00000000d57fffc0,0x00000000d5800000)
  from space 512K, 81% used [0x00000000d5800000,0x00000000d5868d60,0x00000000d5880000)
  to   space 2560K, 0% used [0x00000000d5c80000,0x00000000d5c80000,0x00000000d5f00000)
 ParOldGen       total 1363968K, used 992824K [0x0000000080000000, 0x00000000d3400000, 0x00000000d5580000)
  object space 1363968K, 72% used [0x0000000080000000,0x00000000bc98e3b8,0x00000000d3400000)
 Metaspace       used 91560K, committed 93184K, reserved 1179648K
  class space    used 8903K, committed 9664K, reserved 1048576K
}
Event: 7086.098 GC heap after
{Heap after GC invocations=4578 (full 6):
 PSYoungGen      total 5632K, used 2560K [0x00000000d5580000, 0x00000000d5f80000, 0x0000000100000000)
  eden space 3072K, 0% used [0x00000000d5580000,0x00000000d5580000,0x00000000d5880000)
  from space 2560K, 100% used [0x00000000d5c80000,0x00000000d5f00000,0x00000000d5f00000)
  to   space 3584K, 0% used [0x00000000d5880000,0x00000000d5880000,0x00000000d5c00000)
 ParOldGen       total 1363968K, used 993196K [0x0000000080000000, 0x00000000d3400000, 0x00000000d5580000)
  object space 1363968K, 72% used [0x0000000080000000,0x00000000bc9eb118,0x00000000d3400000)
 Metaspace       used 91560K, committed 93184K, reserved 1179648K
  class space    used 8903K, committed 9664K, reserved 1048576K
}
Event: 7118.025 GC heap before
{Heap before GC invocations=4579 (full 6):
 PSYoungGen      total 5632K, used 5632K [0x00000000d5580000, 0x00000000d5f80000, 0x0000000100000000)
  eden space 3072K, 100% used [0x00000000d5580000,0x00000000d5880000,0x00000000d5880000)
  from space 2560K, 100% used [0x00000000d5c80000,0x00000000d5f00000,0x00000000d5f00000)
  to   space 3584K, 0% used [0x00000000d5880000,0x00000000d5880000,0x00000000d5c00000)
 ParOldGen       total 1363968K, used 993196K [0x0000000080000000, 0x00000000d3400000, 0x00000000d5580000)
  object space 1363968K, 72% used [0x0000000080000000,0x00000000bc9eb118,0x00000000d3400000)
 Metaspace       used 91561K, committed 93184K, reserved 1179648K
  class space    used 8903K, committed 9664K, reserved 1048576K
}
Event: 7118.055 GC heap after
{Heap after GC invocations=4579 (full 6):
 PSYoungGen      total 4608K, used 1216K [0x00000000d5580000, 0x00000000d5d00000, 0x0000000100000000)
  eden space 3072K, 0% used [0x00000000d5580000,0x00000000d5580000,0x00000000d5880000)
  from space 1536K, 79% used [0x00000000d5880000,0x00000000d59b0010,0x00000000d5a00000)
  to   space 2048K, 0% used [0x00000000d5b00000,0x00000000d5b00000,0x00000000d5d00000)
 ParOldGen       total 1363968K, used 995756K [0x0000000080000000, 0x00000000d3400000, 0x00000000d5580000)
  object space 1363968K, 73% used [0x0000000080000000,0x00000000bcc6b118,0x00000000d3400000)
 Metaspace       used 91561K, committed 93184K, reserved 1179648K
  class space    used 8903K, committed 9664K, reserved 1048576K
}

